<?xml version="1.0" encoding="UTF-8"?>
<testng-results skipped="0" failed="0" ignored="0" total="1" passed="1">
  <reporter-output>
    <line>
      <![CDATA[Test method]]>
    </line>
  </reporter-output>
  <suite name="Suite" duration-ms="62" started-at="2021-02-18T11:04:19Z" finished-at="2021-02-18T11:04:19Z">
    <groups>
    </groups>
    <test name="Test" duration-ms="62" started-at="2021-02-18T11:04:19Z" finished-at="2021-02-18T11:04:19Z">
      <class name="abcd.Demo">
        <test-method status="PASS" signature="testa()[pri:0, instance:abcd.Demo@5f375618]" name="testa" duration-ms="17" started-at="2021-02-18T22:04:19Z" finished-at="2021-02-18T22:04:19Z">
          <reporter-output>
            <line>
              <![CDATA[Test method]]>
            </line>
          </reporter-output>
        </test-method> <!-- testa -->
      </class> <!-- abcd.Demo -->
    </test> <!-- Test -->
  </suite> <!-- Suite -->
</testng-results>
